\BOOKMARK [0][-]{chapter*.1}{\376\377\000C\000o\000n\000t\000e\000n\000t\000s}{}% 1
\BOOKMARK [0][-]{chapter.1}{}{}% 2
\BOOKMARK [0][-]{chapter.2}{}{}% 3
\BOOKMARK [1][-]{section.2.1}{\376\377\000c\000o\000n\000t\000i\000n\000u\000e\000s}{chapter.2}% 4
\BOOKMARK [0][-]{chapter.3}{\376\377\000H\000a\000h\000n\000\040\000B\000a\000n\000a\000c\000h\000\040\000T\000h\000e\000o\000r\000e\000m}{}% 5
\BOOKMARK [0][-]{chapter.4}{}{}% 6
\BOOKMARK [0][-]{chapter.5}{}{}% 7
\BOOKMARK [1][-]{section.5.1}{\376\377\000Q\000u\000o\000t\000i\000e\000n\000t\000\040\000S\000p\000a\000c\000e\000s}{chapter.5}% 8
\BOOKMARK [0][-]{chapter.6}{}{}% 9
\BOOKMARK [0][-]{chapter.7}{}{}% 10
\BOOKMARK [0][-]{chapter.8}{}{}% 11
\BOOKMARK [0][-]{chapter.9}{}{}% 12
\BOOKMARK [0][-]{chapter.10}{}{}% 13
\BOOKMARK [0][-]{chapter.11}{}{}% 14
\BOOKMARK [0][-]{chapter.12}{}{}% 15
\BOOKMARK [0][-]{chapter.13}{}{}% 16
\BOOKMARK [0][-]{chapter.14}{}{}% 17
\BOOKMARK [0][-]{chapter.15}{}{}% 18
\BOOKMARK [0][-]{chapter.16}{}{}% 19
\BOOKMARK [0][-]{chapter.17}{}{}% 20
